<?xml version="1.0" encoding="UTF-8"?>
<testsuite name="ua.farmercoop.logic.test.OrderBeenTest" time="0.082" tests="5" errors="5" skipped="0" failures="0">
  <properties>
    <property name="java.runtime.name" value="Java(TM) SE Runtime Environment"/>
    <property name="sun.boot.library.path" value="/opt/java/jdk1.8.0_144/jre/lib/amd64"/>
    <property name="java.vm.version" value="25.144-b01"/>
    <property name="java.vm.vendor" value="Oracle Corporation"/>
    <property name="maven.multiModuleProjectDirectory" value="/home/saniok/eclipse-workspace/farmmarket"/>
    <property name="java.vendor.url" value="http://java.oracle.com/"/>
    <property name="path.separator" value=":"/>
    <property name="guice.disable.misplaced.annotation.check" value="true"/>
    <property name="java.vm.name" value="Java HotSpot(TM) 64-Bit Server VM"/>
    <property name="file.encoding.pkg" value="sun.io"/>
    <property name="user.country" value="UA"/>
    <property name="sun.java.launcher" value="SUN_STANDARD"/>
    <property name="sun.os.patch.level" value="unknown"/>
    <property name="java.vm.specification.name" value="Java Virtual Machine Specification"/>
    <property name="user.dir" value="/home/saniok/eclipse-workspace/farmmarket"/>
    <property name="java.runtime.version" value="1.8.0_144-b01"/>
    <property name="java.awt.graphicsenv" value="sun.awt.X11GraphicsEnvironment"/>
    <property name="java.endorsed.dirs" value="/opt/java/jdk1.8.0_144/jre/lib/endorsed"/>
    <property name="os.arch" value="amd64"/>
    <property name="java.io.tmpdir" value="/tmp"/>
    <property name="line.separator" value="&#10;"/>
    <property name="java.vm.specification.vendor" value="Oracle Corporation"/>
    <property name="os.name" value="Linux"/>
    <property name="classworlds.conf" value="/usr/share/maven/bin/m2.conf"/>
    <property name="sun.jnu.encoding" value="UTF-8"/>
    <property name="java.library.path" value="/usr/java/packages/lib/amd64:/usr/lib64:/lib64:/lib:/usr/lib"/>
    <property name="java.specification.name" value="Java Platform API Specification"/>
    <property name="java.class.version" value="52.0"/>
    <property name="sun.management.compiler" value="HotSpot 64-Bit Tiered Compilers"/>
    <property name="os.version" value="4.10.0-40-generic"/>
    <property name="user.home" value="/home/saniok"/>
    <property name="user.timezone" value="Europe/Kiev"/>
    <property name="java.awt.printerjob" value="sun.print.PSPrinterJob"/>
    <property name="file.encoding" value="UTF-8"/>
    <property name="java.specification.version" value="1.8"/>
    <property name="user.name" value="saniok"/>
    <property name="java.class.path" value="/usr/share/maven/boot/plexus-classworlds-2.x.jar"/>
    <property name="java.vm.specification.version" value="1.8"/>
    <property name="sun.arch.data.model" value="64"/>
    <property name="java.home" value="/opt/java/jdk1.8.0_144/jre"/>
    <property name="sun.java.command" value="org.codehaus.plexus.classworlds.launcher.Launcher package"/>
    <property name="java.specification.vendor" value="Oracle Corporation"/>
    <property name="user.language" value="uk"/>
    <property name="awt.toolkit" value="sun.awt.X11.XToolkit"/>
    <property name="java.vm.info" value="mixed mode"/>
    <property name="java.version" value="1.8.0_144"/>
    <property name="java.ext.dirs" value="/opt/java/jdk1.8.0_144/jre/lib/ext:/usr/java/packages/lib/ext"/>
    <property name="securerandom.source" value="file:/dev/./urandom"/>
    <property name="sun.boot.class.path" value="/opt/java/jdk1.8.0_144/jre/lib/resources.jar:/opt/java/jdk1.8.0_144/jre/lib/rt.jar:/opt/java/jdk1.8.0_144/jre/lib/sunrsasign.jar:/opt/java/jdk1.8.0_144/jre/lib/jsse.jar:/opt/java/jdk1.8.0_144/jre/lib/jce.jar:/opt/java/jdk1.8.0_144/jre/lib/charsets.jar:/opt/java/jdk1.8.0_144/jre/lib/jfr.jar:/opt/java/jdk1.8.0_144/jre/classes"/>
    <property name="java.vendor" value="Oracle Corporation"/>
    <property name="maven.home" value="/usr/share/maven"/>
    <property name="file.separator" value="/"/>
    <property name="java.vendor.url.bug" value="http://bugreport.sun.com/bugreport/"/>
    <property name="sun.cpu.endian" value="little"/>
    <property name="sun.io.unicode.encoding" value="UnicodeLittle"/>
    <property name="sun.cpu.isalist" value=""/>
  </properties>
  <testcase name="testUpdateOrder" classname="ua.farmercoop.logic.test.OrderBeenTest" time="0.057">
    <error type="java.lang.ExceptionInInitializerError:"><![CDATA[java.lang.ExceptionInInitializerError: null
	at ua.farmercoop.logic.test.MyBatisUtil.<clinit>(MyBatisUtil.java:22)
	at ua.farmercoop.logic.test.service.OrderService.getOrderById(OrderService.java:30)
	at ua.farmercoop.logic.test.OrderBeenTest.testUpdateOrder(OrderBeenTest.java:79)
]]></error>
  </testcase>
  <testcase name="testGetOrderById" classname="ua.farmercoop.logic.test.OrderBeenTest" time="0.002">
    <error message="Could not initialize class ua.farmercoop.logic.test.MyBatisUtil" type="java.lang.NoClassDefFoundError">java.lang.NoClassDefFoundError: Could not initialize class ua.farmercoop.logic.test.MyBatisUtil
	at ua.farmercoop.logic.test.service.OrderService.getOrderById(OrderService.java:30)
	at ua.farmercoop.logic.test.OrderBeenTest.testGetOrderById(OrderBeenTest.java:91)
</error>
  </testcase>
  <testcase name="testGetAllOrders" classname="ua.farmercoop.logic.test.OrderBeenTest" time="0.001">
    <error message="Could not initialize class ua.farmercoop.logic.test.MyBatisUtil" type="java.lang.NoClassDefFoundError">java.lang.NoClassDefFoundError: Could not initialize class ua.farmercoop.logic.test.MyBatisUtil
	at ua.farmercoop.logic.test.service.OrderService.getAllOrders(OrderService.java:43)
	at ua.farmercoop.logic.test.OrderBeenTest.testGetAllOrders(OrderBeenTest.java:98)
</error>
  </testcase>
  <testcase name="testDeleteOrder" classname="ua.farmercoop.logic.test.OrderBeenTest" time="0.001">
    <error message="Could not initialize class ua.farmercoop.logic.test.MyBatisUtil" type="java.lang.NoClassDefFoundError">java.lang.NoClassDefFoundError: Could not initialize class ua.farmercoop.logic.test.MyBatisUtil
	at ua.farmercoop.logic.test.service.OrderService.getOrderById(OrderService.java:30)
	at ua.farmercoop.logic.test.OrderBeenTest.testDeleteOrder(OrderBeenTest.java:108)
</error>
  </testcase>
  <testcase name="testInsertOrder" classname="ua.farmercoop.logic.test.OrderBeenTest" time="0.021">
    <error message="Could not initialize class ua.farmercoop.logic.test.MyBatisUtil" type="java.lang.NoClassDefFoundError">java.lang.NoClassDefFoundError: Could not initialize class ua.farmercoop.logic.test.MyBatisUtil
	at ua.farmercoop.logic.test.service.CarrierService.insertCarrier(CarrierService.java:16)
	at ua.farmercoop.logic.test.OrderBeenTest.testInsertOrder(OrderBeenTest.java:59)
</error>
  </testcase>
</testsuite>